<?xml version="1.0" encoding="UTF-8"?>
<beans xmlns="http://www.springframework.org/schema/beans"
       xmlns:xsi="http://www.w3.org/2001/XMLSchema-instance"
       xmlns:context="http://www.springframework.org/schema/context"
       xmlns:p="http://www.springframework.org/schema/p"
       xmlns:tx="http://www.springframework.org/schema/tx"
       xsi:schemaLocation="http://www.springframework.org/schema/beans
                           http://www.springframework.org/schema/beans/spring-beans.xsd
                           http://www.springframework.org/schema/context
                           http://www.springframework.org/schema/context/spring-context-4.0.xsd
                           http://www.springframework.org/schema/tx
                           http://www.springframework.org/schema/tx/spring-tx-4.0.xsd">

    <context:component-scan base-package="by.masalsky.onlineshop"/>

    <bean id="dataSource" class="org.apache.commons.dbcp2.BasicDataSource"
          p:url="jdbc:mysql://localhost:3306/shop_hibernate"
          p:driverClassName="com.mysql.jdbc.Driver"
          p:username="root"
          p:password="root"
    />

    <bean id="sessionFactory" class="org.springframework.orm.hibernate4.LocalSessionFactoryBean"
          p:dataSource-ref="dataSource">
        <property name="packagesToScan">
            <list>
                <value>by.masalsky.onlineshop.entities</value>
            </list>
        </property>
        <property name="hibernateProperties">
            <props>
                <prop key="hibernate.show_sql">true</prop>
                <prop key="debug">true</prop>
                <prop key="hibernate.dialect">org.hibernate.dialect.MySQLDialect</prop>
                <prop key="connection.isolation">2</prop>
                <prop key="hibernate.hbm2ddl.auto">validate</prop>
            </props>
        </property>
    </bean>

    <bean id="testServiceTransactionManager" class="org.springframework.orm.hibernate4.HibernateTransactionManager">
        <property name="sessionFactory" ref="sessionFactory"/>
    </bean>

    <tx:annotation-driven transaction-manager="testServiceTransactionManager"/>
</beans>