<?xml version="1.0" encoding="UTF-8"?>
<beans xmlns="http://www.springframework.org/schema/beans"
       xmlns:xsi="http://www.w3.org/2001/XMLSchema-instance"
       xmlns:context="http://www.springframework.org/schema/context"
       xmlns:aop="http://www.springframework.org/schema/aop"
       xmlns:p="http://www.springframework.org/schema/p"
       xmlns:tx="http://www.springframework.org/schema/tx"
       xsi:schemaLocation="http://www.springframework.org/schema/beans
                           http://www.springframework.org/schema/beans/spring-beans.xsd
                           http://www.springframework.org/schema/context
                           http://www.springframework.org/schema/context/spring-context-4.0.xsd
                           http://www.springframework.org/schema/tx
                           http://www.springframework.org/schema/tx/spring-tx-4.0.xsd
                           http://www.springframework.org/schema/aop
                           http://www.springframework.org/schema/aop/spring-aop.xsd">

    <context:component-scan base-package="services"/>
    <aop:aspectj-autoproxy proxy-target-class="true" expose-proxy="false"/>

    <bean id="dataSource" class="org.apache.commons.dbcp2.BasicDataSource"
          p:url="jdbc:mysql://localhost:3306/shop_hibernate"
          p:driverClassName="com.mysql.jdbc.Driver"
          p:username="root"
          p:password="root"
          p:initialSize="2"
          p:maxTotal="3"
    />

    <bean id="sessionFactory" class="org.springframework.orm.hibernate4.LocalSessionFactoryBean"
          p:dataSource-ref="dataSource">
        <property name="packagesToScan">
            <list>
                <value>entities</value>
            </list>
        </property>
        <property name="hibernateProperties">
            <props>
                <prop key="hibernate.show_sql">true</prop>
                <prop key="debug">true</prop>
                <prop key="hibernate.dialect">org.hibernate.dialect.MySQLDialect</prop>
                <prop key="connection.isolation">2</prop>
                <!--<prop key="hibernate.cglib.use_reflection_optimizer">true</prop>-->
                <prop key="hibernate.hbm2ddl.auto">validate</prop>
            </props>
        </property>
    </bean>

    <bean id="testServiceTransactionManager" class="org.springframework.orm.hibernate4.HibernateTransactionManager">
        <property name="sessionFactory" ref="sessionFactory"/>
    </bean>

    <tx:annotation-driven transaction-manager="testServiceTransactionManager"/>

    <bean id="transactionTemplate" class="org.springframework.transaction.support.TransactionTemplate">
        <property name="transactionManager" ref="testServiceTransactionManager"/>
    </bean>

    <!-- DAO -->

    <bean id="userDao" class="dao.impl.UserDao">
        <constructor-arg ref="sessionFactory"/>
    </bean>

    <!-- SERVICES -->
    <bean id="userService" class="services.impl.UserService">
        <constructor-arg ref="userDao"/>
    </bean>
    <!--<bean id="roleService" class="services.impl.RoleService">-->
        <!--<constructor-arg ref="roleDao"/>-->
    <!--</bean>-->
    <!--<bean id="shopService" class="services.impl.ShopService">-->
        <!--<constructor-arg ref="shopDao"/>-->
    <!--</bean>-->

</beans>